Using bundled DotNet SDK version: 8.0.412 win-x64
Running UnrealBuildTool: dotnet "..\..\Engine\Binaries\DotNET\UnrealBuildTool\UnrealBuildTool.dll" T66Editor Win64 Development -Project=C:/dev/T66/T66.uproject -WaitMutex -FromMsBuild -architecture=x64
Log file: C:\Users\DoPra\AppData\Local\UnrealBuildTool\Log.txt
Using 'git status' to determine working set for adaptive non-unity build (C:\dev\T66).
Invalidating makefile for T66Editor (source file added)
C:\dev\T66\T66.uproject does not list plugin 'EditorScriptingUtilities' as a dependency, but module 'T66Editor' depends on 'EditorScriptingUtilities'.
UHT compiled-in object format Default
Parsing headers for T66Editor
  Running Internal UnrealHeaderTool C:\dev\T66\T66.uproject C:\dev\T66\Intermediate\Build\Win64\T66Editor\Development\T66Editor.uhtmanifest -WarningsAsErrors -installed
UHT processed T66Editor in 0.8300803 seconds (7 files written)
Building T66Editor...
Using Visual Studio 2022 14.44.35222 toolchain (C:\Program Files\Microsoft Visual Studio\2022\Community\VC\Tools\MSVC\14.44.35207) and Windows 10.0.22621.0 SDK (C:\Program Files (x86)\Windows Kits\10).
[Adaptive Build] Excluded from T66 unity file: T66GameMode.cpp, T66PlayerState.cpp, T66BossDefDA.cpp, T66StatusDefDA.cpp, T66UltimatesSubsystem.cpp, T66DataCatalogSubsystem.cpp, T66DefBaseDA.cpp, T66DataCatalogDA.cpp, T66RegistryBaseDA.cpp, T66EconomySubsystem.cpp, T66WalletComponent.cpp, T66EnemyDefDA.cpp, T66HeroDefDA.cpp, T66ItemDefDA.cpp, T66WhiteModeSubsystem.cpp, T66StageDefDA.cpp, T66InteractableDefDA.cpp
[Adaptive Build] Excluded from T66Editor unity file: T66CoreDataRepairCommandlet.cpp, T66CoreDataTools.cpp, T66Editor.cpp, T66RegistryTools.cpp, T66NPCDataRepairCommandlet.cpp, T66WorldDataRepairCommandlet.cpp
Determining max actions to execute in parallel (24 physical cores, 32 logical cores)
  Executing up to 24 processes, one per physical core
Using Unreal Build Accelerator local executor to run 10 action(s)
  Storage capacity 40Gb
---- Starting trace: 260127_180347 ----
UbaSessionServer - Disable remote execution (remote sessions will finish current processes)
[1/10] Compile [x64] T66EconomySubsystem.cpp
[2/10] Compile [x64] T66PlayerState.cpp
[3/10] Compile [x64] T66GameMode.cpp
[4/10] Compile [x64] T66WalletComponent.cpp
[5/10] Compile [x64] Module.T66.3.cpp
[6/10] Compile [x64] Module.T66.2.cpp
[7/10] Compile [x64] Module.T66.4.cpp
[8/10] Link [x64] UnrealEditor-T66.lib
[9/10] Link [x64] UnrealEditor-T66.dll
[10/10] WriteMetadata T66Editor.target [NoUba]

Trace written to file C:/Users/DoPra/AppData/Local/UnrealBuildTool/Log.uba with size 4.8kb
Total time in Unreal Build Accelerator local executor: 5.12 seconds

Result: Succeeded
Total execution time: 8.46 seconds
